<?xml version="1.0" encoding="UTF-8" standalone="yes" ?>
<test-results name="C:\Delphi\ProjetoConsole\Win32\Debug\PtesteConsole.exe" total="3" errors="0" failures="0" ignored="0" inconclusive="0" not-run="0" skipped="0" invalid="0" date="2025-05-22" time="0.004">
  <culture-info current-culture="en" current-uiculture="en" />
  <test-suite type="Assembly" name="PtesteConsole.exe" executed="true" result="Success" success="True" time="0.004" asserts="0">
    <results>
        <test-suite type="Namespace" name="USisDos" executed="true" result="Success" success="True" time="0.002" asserts="0" >
          <results>
              <test-suite type="Fixture" name="TestCadastroProduto" executed="True" result="Success" success="True" time="0.002" >
                <results>
                  <test-case name="GetProduto" executed="True" result="Success" success="True" time="0.000" asserts="0" />
                  <test-case name="SetProduto.Teste Cadastro Produto - 1" executed="True" result="Success" success="True" time="0.000" asserts="0" />
                  <test-case name="SetProduto.Teste Cadastro Produto - 2" executed="True" result="Success" success="True" time="0.000" asserts="0" />
                </results>
              </test-suite>
          </results>
        </test-suite>
    </results>
  </test-suite>
</test-results>
